2024-06-09 01:58:21,632 - INFO - Login - username:  / access level: read-only
2024-06-09 01:58:23,349 - INFO - Login - username: matth / access level: admin
2024-06-09 02:03:26,990 - INFO - Login - username:  / access level: read-only
2024-06-09 02:03:56,670 - INFO - Login - username: matth / access level: admin
2024-06-09 02:12:32,548 - INFO - Login - username:  / access level: read-only
2024-06-09 02:12:36,341 - INFO - Login - username: matth / access level: admin
2024-06-09 02:21:44,951 - INFO - Login - username:  / access level: read-only
2024-06-09 02:21:46,752 - INFO - Login - username: matth / access level: admin
2024-06-09 02:23:20,318 - INFO - Login - username:  / access level: read-only
2024-06-09 02:23:22,012 - INFO - Login - username: matth / access level: admin
2024-06-09 02:34:54,609 - INFO - Login - username:  / access level: read-only
2024-06-09 02:35:09,163 - INFO - Login - username: matth / access level: admin
2024-06-09 04:18:52,812 - INFO - Login - username:  / access level: read-only
2024-06-09 04:18:59,365 - INFO - Login - username: matth / access level: admin
2024-06-09 04:21:29,706 - INFO - Login - username:  / access level: read-only
2024-06-09 04:21:35,330 - INFO - Login - username: matth / access level: admin
2024-06-09 04:27:11,756 - INFO - Login - username:  / access level: read-only
2024-06-09 04:27:15,171 - INFO - Login - username: matth / access level: admin
2024-06-09 04:43:32,236 - INFO - Login - username:  / access level: read-only
2024-06-09 04:43:39,258 - INFO - Login - username: matth / access level: admin
2024-06-09 04:47:22,727 - INFO - Login - username:  / access level: read-only
2024-06-09 04:47:30,258 - INFO - Login - username: matth / access level: admin
2024-06-09 04:50:59,546 - INFO - Login - username:  / access level: read-only
2024-06-09 04:51:07,395 - INFO - Login - username: matth / access level: admin
2024-06-09 04:55:43,089 - INFO - Login - username:  / access level: read-only
2024-06-09 04:55:50,095 - INFO - Login - username: matth / access level: admin
2024-06-09 05:11:05,870 - INFO - Login - username:  / access level: read-only
2024-06-09 05:11:11,323 - INFO - Login - username: matth / access level: admin
2024-06-09 05:14:27,171 - INFO - Login - username:  / access level: read-only
2024-06-09 05:14:31,197 - INFO - Login - username: matth / access level: admin
2024-06-09 05:16:20,851 - INFO - Login - username:  / access level: read-only
2024-06-09 05:16:23,885 - INFO - Login - username: matth / access level: admin
2024-06-09 05:37:12,559 - INFO - Login - username:  / access level: read-only
2024-06-09 05:37:16,243 - INFO - Login - username: matth / access level: admin
2024-06-09 05:38:27,128 - INFO - Login - username:  / access level: read-only
2024-06-09 05:38:30,770 - INFO - Login - username: matth / access level: admin
2024-06-09 05:42:27,757 - INFO - Login - username:  / access level: read-only
2024-06-09 05:42:31,332 - INFO - Login - username: matth / access level: admin
2024-06-09 05:47:03,766 - INFO - Login - username:  / access level: read-only
2024-06-09 05:47:07,788 - INFO - Login - username: matth / access level: admin
2024-06-09 05:50:44,947 - INFO - Login - username:  / access level: read-only
2024-06-09 05:50:51,025 - INFO - Login - username: matth / access level: admin
2024-06-09 05:51:47,836 - INFO - Login - username:  / access level: read-only
2024-06-09 05:51:51,380 - INFO - Login - username: matth / access level: admin
2024-06-09 05:57:33,643 - INFO - Login - username:  / access level: read-only
2024-06-09 05:57:37,265 - INFO - Login - username: matth / access level: admin
2024-06-09 05:58:39,599 - INFO - Login - username:  / access level: read-only
2024-06-09 05:58:46,095 - INFO - Login - username: matth / access level: admin
2024-06-09 07:07:22,543 - INFO - Login - username:  / access level: read-only
2024-06-09 07:07:26,234 - INFO - Login - username: matth / access level: admin
2024-06-09 07:22:36,727 - INFO - Login - username:  / access level: read-only
2024-06-09 07:22:38,954 - INFO - Login - username: matth / access level: admin
2024-06-09 15:36:43,595 - INFO - Login - username:  / access level: read-only
2024-06-09 15:36:45,354 - INFO - Login - username: matth / access level: admin
2024-06-13 19:17:06,885 - INFO - Login - username:  / access level: read-only
2024-06-13 19:17:53,673 - INFO - Login - username:  / access level: read-only
2024-06-13 19:18:22,845 - INFO - Login - username:  / access level: read-only
2024-06-13 19:18:44,236 - INFO - Login - username:  / access level: read-only
2024-06-13 19:18:59,206 - INFO - Login - username: test_username1 / access level: privileged
2024-06-13 21:15:03,090 - INFO - Login - username:  / access level: read-only
2024-06-13 22:17:14,462 - INFO - Login - username:  / access level: read-only
2024-06-13 22:19:28,669 - INFO - Login - username: test_username3 / access level: read-only
2024-06-13 22:20:32,583 - INFO - Login - username:  / access level: read-only
2024-06-13 22:20:38,924 - INFO - Login - username: test_username3 / access level: read-only
2024-06-13 22:21:59,762 - INFO - Login - username:  / access level: read-only
2024-06-13 22:22:40,438 - INFO - Login - username: test_username4 / access level: read-only
2024-06-13 22:46:23,621 - INFO - Login - username:  / access level: read-only
2024-06-13 23:08:44,184 - INFO - Login - username:  / access level: read-only
2024-06-13 23:12:18,243 - INFO - Login - username:  / access level: read-only
2024-06-13 23:16:10,265 - INFO - Login - username:  / access level: read-only
2024-06-13 23:16:56,472 - INFO - Login - username:  / access level: read-only
2024-06-13 23:17:29,880 - INFO - Login - username: matth / access level: admin
2024-06-13 23:18:49,695 - INFO - Login - username:  / access level: read-only
2024-06-13 23:19:18,128 - INFO - Login - username: test_user / access level: read-only
2024-06-13 23:19:44,108 - INFO - Login - username:  / access level: read-only
2024-06-13 23:20:05,439 - INFO - Login - username: test_user / access level: read-only
2024-06-13 23:20:26,139 - INFO - Login - username:  / access level: read-only
2024-06-13 23:20:52,591 - INFO - Login - username: test_user / access level: read-only
2024-06-13 23:22:54,558 - INFO - Login - username:  / access level: read-only
2024-06-13 23:23:27,379 - INFO - Login - username:  / access level: read-only
2024-06-13 23:24:09,800 - INFO - Login - username: test_user1 / access level: read-only
2024-06-14 00:05:15,079 - INFO - Login - username:  / access level: read-only
2024-06-14 00:05:21,764 - INFO - Login - username: matth / access level: admin
2024-06-14 14:11:56,869 - INFO - Login - username:  / access level: read-only
2024-06-14 14:12:18,463 - INFO - Login - username: aimiecham_testing / access level: read-only
2024-06-14 14:21:42,478 - INFO - Login - username:  / access level: read-only
2024-06-14 14:21:47,929 - INFO - Login - username: aimiecham_testing / access level: privileged
2024-06-14 14:26:21,163 - INFO - Login - username:  / access level: read-only
2024-06-14 14:26:26,576 - INFO - Login - username: aimiecham_testing / access level: privileged
2024-06-14 14:27:40,385 - ERROR - No data found for month 1
2024-06-14 14:27:40,703 - ERROR - No data found for month 1
2024-06-14 14:53:29,883 - INFO - Login - username:  / access level: read-only
2024-06-14 14:53:44,037 - INFO - Login - username: aimiecham_testing / access level: privileged
2024-06-14 15:02:33,677 - INFO - Login - username:  / access level: read-only
2024-06-14 15:02:38,167 - INFO - Login - username: aimiecham_testing / access level: privileged
2024-06-14 15:08:32,442 - ERROR - Error configuring save_entries_button: invalid command name ".!ctkframe2.!leftpanebuttonframe.!frame.!ctkbutton4"
2024-06-14 15:08:37,826 - ERROR - Error updating switch button: invalid command name ".!ctkframe2.!leftpanebuttonframe.!frame.!ctkbutton3.!label"
2024-06-14 15:19:33,278 - INFO - Login - username:  / access level: read-only
2024-06-14 15:19:34,879 - INFO - Login - username: aimiecham_testing / access level: privileged
2024-06-14 15:20:49,531 - ERROR - HrsMatrixFrame.entry_modified: self.ranking_frame is not visible
2024-06-14 15:20:49,966 - ERROR - HrsMatrixFrame.entry_modified: self.ranking_frame is not visible
2024-06-14 15:20:52,070 - ERROR - HrsMatrixFrame.entry_modified: self.ranking_frame is not visible
2024-06-14 16:08:56,345 - INFO - Login - username:  / access level: read-only
2024-06-14 16:08:58,112 - INFO - Login - username: aimiecham_testing / access level: privileged
2024-06-14 19:16:51,636 - INFO - Login - username:  / access level: read-only
2024-06-14 19:16:53,306 - INFO - Login - username: aimiecham_testing / access level: privileged
2024-06-14 19:23:22,180 - INFO - Login - username:  / access level: read-only
2024-06-14 19:23:25,329 - INFO - Login - username: aimiecham_testing / access level: privileged
2024-06-14 19:35:53,481 - INFO - Login - username:  / access level: read-only
2024-06-14 19:35:55,543 - INFO - Login - username: aimiecham_testing / access level: privileged
2024-06-14 19:38:45,600 - INFO - Login - username:  / access level: read-only
2024-06-14 19:38:46,823 - INFO - Login - username: aimiecham_testing / access level: privileged
2024-06-14 19:47:01,516 - INFO - Login - username:  / access level: read-only
2024-06-14 19:47:03,164 - INFO - Login - username: aimiecham_testing / access level: privileged
2024-06-14 20:07:27,383 - INFO - Login - username:  / access level: read-only
2024-06-14 20:07:30,713 - INFO - Login - username: aimiecham_testing / access level: privileged
2024-06-14 20:12:34,304 - INFO - Login - username:  / access level: read-only
2024-06-14 20:12:35,531 - INFO - Login - username: aimiecham_testing / access level: privileged
2024-06-14 21:46:31,330 - INFO - Login - username:  / access level: read-only
2024-06-14 21:46:34,242 - INFO - Login - username: aimiecham_testing / access level: privileged
2024-06-14 21:47:30,839 - ERROR - No data found for month 1
2024-06-14 21:47:31,179 - ERROR - No data found for month 1
2024-06-14 21:49:32,547 - ERROR - No data found for month 10
2024-06-14 21:49:32,554 - ERROR - No data found for month 10
2024-06-14 21:49:32,564 - ERROR - No data found for month 11
2024-06-14 21:49:32,571 - ERROR - No data found for month 11
2024-06-14 21:49:32,579 - ERROR - No data found for month 12
2024-06-14 21:49:32,584 - ERROR - No data found for month 12
2024-06-14 21:49:32,587 - ERROR - No data found for month 10
2024-06-14 21:49:39,582 - ERROR - No data found for month 10
2024-06-14 21:49:54,365 - ERROR - No data found for month 10
2024-06-14 21:50:11,770 - ERROR - schedule_data or filename is empty or None
2024-06-14 21:50:11,770 - ERROR - Filename: D Crew WS - October 2024.pdf
Schedule Data: []
2024-06-14 22:27:20,962 - INFO - Login - username:  / access level: read-only
2024-06-14 22:27:38,936 - INFO - Login - username: aimiecham_testing / access level: privileged
2024-06-14 22:44:43,138 - INFO - Login - username:  / access level: read-only
2024-06-14 22:45:01,169 - INFO - Login - username: matth / access level: privileged
2024-06-14 22:54:30,410 - INFO - Login - username:  / access level: read-only
2024-06-14 22:54:32,548 - INFO - Login - username: matth / access level: privileged
2024-06-14 22:57:05,744 - INFO - Login - username:  / access level: read-only
2024-06-14 22:57:13,285 - INFO - Login - username: matth / access level: privileged
2024-06-14 23:02:59,441 - INFO - Login - username:  / access level: read-only
2024-06-14 23:03:01,385 - INFO - Login - username: matth / access level: privileged
2024-06-14 23:07:23,809 - INFO - Login - username:  / access level: read-only
2024-06-14 23:07:25,423 - INFO - Login - username: matth / access level: privileged
2024-06-14 23:08:49,223 - INFO - Login - username:  / access level: read-only
2024-06-14 23:08:51,769 - INFO - Login - username: matth / access level: privileged
2024-06-14 23:10:23,748 - INFO - Login - username:  / access level: read-only
2024-06-14 23:10:25,416 - INFO - Login - username: matth / access level: privileged
2024-06-14 23:13:25,511 - INFO - Login - username:  / access level: read-only
2024-06-14 23:13:26,932 - INFO - Login - username: matth / access level: privileged
2024-06-14 23:14:57,244 - INFO - Login - username:  / access level: read-only
2024-06-14 23:14:58,481 - INFO - Login - username: matth / access level: privileged
2024-06-14 23:17:51,098 - INFO - Login - username:  / access level: read-only
2024-06-14 23:17:53,655 - INFO - Login - username: matth / access level: privileged
2024-06-14 23:18:32,808 - INFO - Login - username:  / access level: read-only
2024-06-14 23:18:34,462 - INFO - Login - username: matth / access level: privileged
2024-06-14 23:19:23,076 - INFO - Login - username:  / access level: read-only
2024-06-14 23:19:24,756 - INFO - Login - username: matth / access level: privileged
2024-06-14 23:20:03,876 - INFO - Login - username:  / access level: read-only
2024-06-14 23:20:05,320 - INFO - Login - username: matth / access level: privileged
2024-06-14 23:29:34,226 - INFO - Login - username:  / access level: read-only
2024-06-14 23:29:35,656 - INFO - Login - username: matth / access level: privileged
2024-06-14 23:54:41,871 - INFO - Login - username:  / access level: read-only
2024-06-14 23:54:45,362 - INFO - Login - username: matth / access level: privileged
2024-06-14 23:59:24,986 - INFO - Login - username:  / access level: read-only
2024-06-14 23:59:26,506 - INFO - Login - username: matth / access level: privileged
2024-06-15 00:05:33,682 - INFO - Login - username:  / access level: read-only
2024-06-15 00:05:35,324 - INFO - Login - username: matth / access level: privileged
2024-06-15 00:08:28,986 - INFO - Login - username:  / access level: read-only
2024-06-15 00:08:33,361 - INFO - Login - username: matth / access level: privileged
2024-06-15 00:08:53,770 - INFO - Login - username:  / access level: read-only
2024-06-15 00:08:55,379 - INFO - Login - username: matth / access level: privileged
2024-06-15 00:09:39,452 - INFO - Login - username:  / access level: read-only
2024-06-15 00:09:41,204 - INFO - Login - username: matth / access level: privileged
2024-06-15 00:10:43,558 - INFO - Login - username:  / access level: read-only
2024-06-15 00:10:44,928 - INFO - Login - username: matth / access level: privileged
2024-06-15 00:11:58,104 - INFO - Login - username:  / access level: read-only
2024-06-15 00:11:59,827 - INFO - Login - username: matth / access level: privileged
2024-06-15 00:12:42,447 - INFO - Login - username:  / access level: read-only
2024-06-15 00:12:43,807 - INFO - Login - username: matth / access level: privileged
2024-06-15 00:13:08,371 - INFO - Login - username:  / access level: read-only
2024-06-15 00:13:09,729 - INFO - Login - username: matth / access level: privileged
2024-06-15 00:13:30,881 - INFO - Login - username:  / access level: read-only
2024-06-15 00:13:32,105 - INFO - Login - username: matth / access level: privileged
2024-06-15 00:15:03,277 - INFO - Login - username:  / access level: read-only
2024-06-15 00:15:05,203 - INFO - Login - username: matth / access level: privileged
2024-06-15 00:15:16,476 - INFO - Login - username:  / access level: read-only
2024-06-15 00:17:02,824 - INFO - Login - username:  / access level: read-only
2024-06-15 00:17:05,015 - INFO - Login - username: matth / access level: privileged
2024-06-15 00:17:31,184 - INFO - Login - username:  / access level: read-only
2024-06-15 00:17:32,419 - INFO - Login - username: matth / access level: privileged
2024-06-15 00:17:55,996 - INFO - Login - username:  / access level: read-only
2024-06-15 00:17:59,786 - INFO - Login - username: matth / access level: privileged
2024-06-15 00:18:25,770 - INFO - Login - username:  / access level: read-only
2024-06-15 00:18:27,309 - INFO - Login - username: matth / access level: privileged
2024-06-15 00:19:21,488 - INFO - Login - username:  / access level: read-only
2024-06-15 00:19:23,711 - INFO - Login - username: matth / access level: privileged
2024-06-15 00:22:13,361 - INFO - Login - username:  / access level: read-only
2024-06-15 00:22:14,475 - INFO - Login - username: matth / access level: privileged
2024-06-15 00:22:52,234 - INFO - Login - username:  / access level: read-only
2024-06-15 00:22:53,154 - INFO - Login - username: matth / access level: privileged
2024-06-15 00:24:33,254 - INFO - Login - username:  / access level: read-only
2024-06-15 00:24:34,124 - INFO - Login - username: matth / access level: privileged
2024-06-15 00:25:48,452 - INFO - Login - username:  / access level: read-only
2024-06-15 00:25:49,774 - INFO - Login - username: matth / access level: privileged
2024-06-15 00:25:59,649 - INFO - Login - username:  / access level: read-only
2024-06-15 00:27:10,253 - INFO - Login - username:  / access level: read-only
2024-06-15 00:27:11,437 - INFO - Login - username: matth / access level: privileged
2024-06-15 00:27:26,702 - INFO - Login - username:  / access level: read-only
2024-06-15 00:27:28,156 - INFO - Login - username: matth / access level: privileged
2024-06-15 00:27:58,351 - INFO - Login - username:  / access level: read-only
2024-06-15 00:27:59,413 - INFO - Login - username: matth / access level: privileged
2024-06-15 00:29:25,903 - INFO - Login - username:  / access level: read-only
2024-06-15 00:29:27,278 - INFO - Login - username: matth / access level: privileged
2024-06-15 07:17:03,661 - INFO - Login - username:  / access level: read-only
2024-06-15 07:17:06,338 - INFO - Login - username: matth / access level: privileged
2024-06-15 07:17:44,107 - INFO - Login - username:  / access level: read-only
2024-06-15 07:18:43,540 - INFO - Login - username: matth / access level: privileged
2024-06-15 07:19:37,489 - INFO - Login - username:  / access level: read-only
