2024-07-15 20:54:19,559 - INFO - Overtime - matth - Overtime 1 20240101 - Entered: 1
2024-07-15 20:54:21,359 - INFO - Overtime - matth - Overtime 1 20240102 - Entered: 
2024-07-15 20:54:22,281 - INFO - Overtime - matth - Overtime 1 20240102 - Entered: 1
2024-07-15 20:54:22,486 - INFO - Overtime - matth - Overtime 1 20240103 - Entered: 
2024-07-15 20:54:22,657 - INFO - Overtime - matth - Overtime 1 20240103 - Entered: 1
2024-07-15 20:54:22,823 - INFO - Overtime - matth - Overtime 1 20240104 - Entered: 
2024-07-15 20:54:22,961 - INFO - Overtime - matth - Overtime 1 20240104 - Entered: 1
2024-07-15 20:54:23,095 - INFO - Overtime - matth - Overtime 1 20240105 - Entered: 
2024-07-15 20:54:27,294 - INFO - Overtime - matth - Overtime 2 20240101 - Entered: 3
2024-07-15 20:54:27,719 - INFO - Overtime - matth - Overtime 2 20240102 - Entered: 
2024-07-15 20:54:28,096 - INFO - Overtime - matth - Overtime 2 20240102 - Entered: 3
2024-07-15 20:54:28,231 - INFO - Overtime - matth - Overtime 2 20240103 - Entered: 
2024-07-15 20:54:28,378 - INFO - Overtime - matth - Overtime 2 20240104 - Entered: 
2024-07-15 20:54:28,468 - INFO - Overtime - matth - Overtime 2 20240104 - Entered: 
2024-07-15 20:54:28,983 - INFO - Overtime - matth - Overtime 2 20240104 - Entered: 3
2024-07-15 21:28:34,307 - INFO - Overtime - matth - Overtime 1 20240101 - Entered: 1
2024-07-15 21:28:34,691 - INFO - Overtime - matth - Overtime 1 20240102 - Entered: 1
2024-07-15 21:28:35,058 - INFO - Overtime - matth - Overtime 1 20240103 - Entered: 1
2024-07-15 21:28:35,523 - INFO - Overtime - matth - Overtime 1 20240104 - Entered: 1
2024-07-15 21:28:36,043 - INFO - Overtime - matth - Overtime 1 20240105 - Entered: 1
2024-07-15 21:28:36,489 - INFO - Overtime - matth - Overtime 1 20240106 - Entered: 1
2024-07-15 21:28:37,290 - INFO - Overtime - matth - Overtime 1 20240107 - Entered: 1
2024-07-15 21:28:37,842 - INFO - Overtime - matth - Overtime 1 20240108 - Entered: 1
2024-07-15 21:28:39,234 - INFO - Overtime - matth - Overtime 2 20240101 - Entered: 2
2024-07-15 21:28:39,610 - INFO - Overtime - matth - Overtime 2 20240102 - Entered: 2
2024-07-15 21:28:39,970 - INFO - Overtime - matth - Overtime 2 20240103 - Entered: 2
2024-07-15 21:28:40,346 - INFO - Overtime - matth - Overtime 2 20240104 - Entered: 2
2024-07-15 21:28:40,834 - INFO - Overtime - matth - Overtime 2 20240105 - Entered: 2
2024-07-15 21:28:41,241 - INFO - Overtime - matth - Overtime 2 20240106 - Entered: 2
2024-07-15 21:28:42,241 - INFO - Overtime - matth - Overtime 2 20240110 - Entered: 2
2024-07-15 21:28:42,891 - INFO - Overtime - matth - Overtime 2 20240111 - Entered: 2
2024-07-15 21:28:45,114 - INFO - Overtime - matth - Overtime 3 20240126 - Entered: 3
2024-07-15 21:28:45,467 - INFO - Overtime - matth - Overtime 3 20240127 - Entered: 3
2024-07-15 21:28:45,818 - INFO - Overtime - matth - Overtime 3 20240128 - Entered: 3
2024-07-15 21:28:46,226 - INFO - Overtime - matth - Overtime 3 20240129 - Entered: 3
2024-07-15 21:28:48,488 - INFO - Overtime - matth - Overtime 4 20240126 - Entered: 4
2024-07-15 21:28:49,234 - INFO - Overtime - matth - Overtime 4 20240127 - Entered: 4
2024-07-15 21:28:49,578 - INFO - Overtime - matth - Overtime 4 20240128 - Entered: 4
2024-07-15 21:28:49,938 - INFO - Overtime - matth - Overtime 4 20240129 - Entered: 4
2024-07-15 21:28:51,643 - INFO - Overtime - matth - Overtime 4 20240101 - Entered: 4
2024-07-15 21:28:51,972 - INFO - Overtime - matth - Overtime 4 20240102 - Entered: 4
2024-07-15 21:28:54,747 - INFO - Overtime - matth - Overtime 3 20240104 - Entered: 3
2024-07-15 21:28:55,154 - INFO - Overtime - matth - Overtime 3 20240105 - Entered: 3
2024-07-15 21:49:47,520 - INFO - Work Schedule - matth - Test Eight 20240107 - Entered: ER
2024-07-15 21:49:47,672 - INFO - Work Schedule - matth - Test Eight 20240107 - Entered: ERT
2024-07-15 21:49:47,713 - INFO - Work Schedule - matth - Test Eight 20240107 - Entered: ERT
2024-07-15 21:49:48,579 - INFO - Work Schedule - matth - Test Eight 20240108 - Entered: ER
2024-07-15 21:49:48,624 - INFO - Work Schedule - matth - Test Eight 20240108 - Entered: ERT
2024-07-15 21:49:48,640 - INFO - Work Schedule - matth - Test Eight 20240108 - Entered: ERT
2024-07-15 21:49:49,001 - INFO - Work Schedule - matth - Test Eight 20240109 - Entered: ER
2024-07-15 21:49:49,048 - INFO - Work Schedule - matth - Test Eight 20240109 - Entered: ERT
2024-07-15 21:49:49,096 - INFO - Work Schedule - matth - Test Eight 20240109 - Entered: ERT
2024-07-15 21:49:49,441 - INFO - Work Schedule - matth - Test Eight 20240110 - Entered: ER
2024-07-15 21:49:49,473 - INFO - Work Schedule - matth - Test Eight 20240110 - Entered: ERT
2024-07-15 21:49:49,525 - INFO - Work Schedule - matth - Test Eight 20240110 - Entered: ERT
2024-07-15 21:49:52,032 - INFO - Overtime - matth - Overtime 1 20240110 - Entered: 5
2024-07-15 21:49:52,785 - INFO - Overtime - matth - Overtime 1 20240111 - Entered: 5
2024-07-15 21:49:53,186 - INFO - Overtime - matth - Overtime 1 20240112 - Entered: 5
2024-07-15 21:49:53,619 - INFO - Overtime - matth - Overtime 1 20240113 - Entered: 5
2024-07-16 18:07:54,354 - INFO - Overtime - matth - Overtime 1 20240101 - Entered: 1
2024-07-16 18:07:54,354 - INFO - Overtime - matth - Overtime 1 20240101 - Entered: 1
2024-07-16 18:07:54,354 - INFO - Overtime - matth - Overtime 1 20240101 - Entered: 1
2024-07-16 18:07:54,354 - INFO - Overtime - matth - Overtime 1 20240101 - Entered: 1
2024-07-16 18:07:55,009 - INFO - Overtime - matth - Overtime 1 20240102 - Entered: 1
2024-07-16 18:07:55,009 - INFO - Overtime - matth - Overtime 1 20240102 - Entered: 1
2024-07-16 18:07:55,009 - INFO - Overtime - matth - Overtime 1 20240102 - Entered: 1
2024-07-16 18:07:55,009 - INFO - Overtime - matth - Overtime 1 20240102 - Entered: 1
2024-07-16 18:07:55,461 - INFO - Overtime - matth - Overtime 1 20240103 - Entered: 1
2024-07-16 18:07:55,461 - INFO - Overtime - matth - Overtime 1 20240103 - Entered: 1
2024-07-16 18:07:55,461 - INFO - Overtime - matth - Overtime 1 20240103 - Entered: 1
2024-07-16 18:07:55,461 - INFO - Overtime - matth - Overtime 1 20240103 - Entered: 1
2024-07-16 18:07:56,769 - INFO - Overtime - matth - Overtime 2 20240102 - Entered: 2
2024-07-16 18:07:56,769 - INFO - Overtime - matth - Overtime 2 20240102 - Entered: 2
2024-07-16 18:07:56,769 - INFO - Overtime - matth - Overtime 2 20240102 - Entered: 2
2024-07-16 18:07:56,769 - INFO - Overtime - matth - Overtime 2 20240102 - Entered: 2
2024-07-16 18:07:57,195 - INFO - Overtime - matth - Overtime 2 20240103 - Entered: 2
2024-07-16 18:07:57,195 - INFO - Overtime - matth - Overtime 2 20240103 - Entered: 2
2024-07-16 18:07:57,195 - INFO - Overtime - matth - Overtime 2 20240103 - Entered: 2
2024-07-16 18:07:57,195 - INFO - Overtime - matth - Overtime 2 20240103 - Entered: 2
2024-07-16 18:07:57,618 - INFO - Overtime - matth - Overtime 2 20240104 - Entered: 2
2024-07-16 18:07:57,618 - INFO - Overtime - matth - Overtime 2 20240104 - Entered: 2
2024-07-16 18:07:57,618 - INFO - Overtime - matth - Overtime 2 20240104 - Entered: 2
2024-07-16 18:07:57,618 - INFO - Overtime - matth - Overtime 2 20240104 - Entered: 2
2024-07-16 18:07:58,883 - INFO - Overtime - matth - Overtime 3 20240103 - Entered: 3
2024-07-16 18:07:58,883 - INFO - Overtime - matth - Overtime 3 20240103 - Entered: 3
2024-07-16 18:07:58,883 - INFO - Overtime - matth - Overtime 3 20240103 - Entered: 3
2024-07-16 18:07:58,883 - INFO - Overtime - matth - Overtime 3 20240103 - Entered: 3
2024-07-16 18:07:59,330 - INFO - Overtime - matth - Overtime 3 20240104 - Entered: 3
2024-07-16 18:07:59,330 - INFO - Overtime - matth - Overtime 3 20240104 - Entered: 3
2024-07-16 18:07:59,330 - INFO - Overtime - matth - Overtime 3 20240104 - Entered: 3
2024-07-16 18:07:59,330 - INFO - Overtime - matth - Overtime 3 20240104 - Entered: 3
2024-07-16 18:07:59,731 - INFO - Overtime - matth - Overtime 3 20240105 - Entered: 3
2024-07-16 18:07:59,731 - INFO - Overtime - matth - Overtime 3 20240105 - Entered: 3
2024-07-16 18:07:59,731 - INFO - Overtime - matth - Overtime 3 20240105 - Entered: 3
2024-07-16 18:07:59,731 - INFO - Overtime - matth - Overtime 3 20240105 - Entered: 3
2024-07-16 18:08:02,417 - INFO - Overtime - matth - Overtime 4 20240104 - Entered: 4
2024-07-16 18:08:02,417 - INFO - Overtime - matth - Overtime 4 20240104 - Entered: 4
2024-07-16 18:08:02,417 - INFO - Overtime - matth - Overtime 4 20240104 - Entered: 4
2024-07-16 18:08:02,417 - INFO - Overtime - matth - Overtime 4 20240104 - Entered: 4
2024-07-16 18:08:02,826 - INFO - Overtime - matth - Overtime 4 20240105 - Entered: 4
2024-07-16 18:08:02,826 - INFO - Overtime - matth - Overtime 4 20240105 - Entered: 4
2024-07-16 18:08:02,826 - INFO - Overtime - matth - Overtime 4 20240105 - Entered: 4
2024-07-16 18:08:02,826 - INFO - Overtime - matth - Overtime 4 20240105 - Entered: 4
2024-07-16 18:08:03,202 - INFO - Overtime - matth - Overtime 4 20240106 - Entered: 4
2024-07-16 18:08:03,202 - INFO - Overtime - matth - Overtime 4 20240106 - Entered: 4
2024-07-16 18:08:03,202 - INFO - Overtime - matth - Overtime 4 20240106 - Entered: 4
2024-07-16 18:08:03,202 - INFO - Overtime - matth - Overtime 4 20240106 - Entered: 4
2024-07-16 18:08:05,290 - INFO - Overtime - matth - Overtime 5 20240107 - Entered: 5
2024-07-16 18:08:05,290 - INFO - Overtime - matth - Overtime 5 20240107 - Entered: 5
2024-07-16 18:08:05,290 - INFO - Overtime - matth - Overtime 5 20240107 - Entered: 5
2024-07-16 18:08:05,290 - INFO - Overtime - matth - Overtime 5 20240107 - Entered: 5
2024-07-16 18:08:06,099 - INFO - Overtime - matth - Overtime 5 20240108 - Entered: 5
2024-07-16 18:08:06,099 - INFO - Overtime - matth - Overtime 5 20240108 - Entered: 5
2024-07-16 18:08:06,099 - INFO - Overtime - matth - Overtime 5 20240108 - Entered: 5
2024-07-16 18:08:06,099 - INFO - Overtime - matth - Overtime 5 20240108 - Entered: 5
2024-07-16 18:08:06,522 - INFO - Overtime - matth - Overtime 5 20240109 - Entered: 5
2024-07-16 18:08:06,522 - INFO - Overtime - matth - Overtime 5 20240109 - Entered: 5
2024-07-16 18:08:06,522 - INFO - Overtime - matth - Overtime 5 20240109 - Entered: 5
2024-07-16 18:08:06,522 - INFO - Overtime - matth - Overtime 5 20240109 - Entered: 5
2024-07-16 18:08:08,009 - INFO - Overtime - matth - Overtime 6 20240109 - Entered: 6
2024-07-16 18:08:08,009 - INFO - Overtime - matth - Overtime 6 20240109 - Entered: 6
2024-07-16 18:08:08,009 - INFO - Overtime - matth - Overtime 6 20240109 - Entered: 6
2024-07-16 18:08:08,009 - INFO - Overtime - matth - Overtime 6 20240109 - Entered: 6
2024-07-16 18:08:08,418 - INFO - Overtime - matth - Overtime 6 20240110 - Entered: 6
2024-07-16 18:08:08,418 - INFO - Overtime - matth - Overtime 6 20240110 - Entered: 6
2024-07-16 18:08:08,418 - INFO - Overtime - matth - Overtime 6 20240110 - Entered: 6
2024-07-16 18:08:08,418 - INFO - Overtime - matth - Overtime 6 20240110 - Entered: 6
2024-07-16 18:08:08,810 - INFO - Overtime - matth - Overtime 6 20240111 - Entered: 6
2024-07-16 18:08:08,810 - INFO - Overtime - matth - Overtime 6 20240111 - Entered: 6
2024-07-16 18:08:08,810 - INFO - Overtime - matth - Overtime 6 20240111 - Entered: 6
2024-07-16 18:08:08,810 - INFO - Overtime - matth - Overtime 6 20240111 - Entered: 6
2024-07-16 18:08:10,395 - INFO - Overtime - matth - Overtime 7 20240111 - Entered: 7
2024-07-16 18:08:10,395 - INFO - Overtime - matth - Overtime 7 20240111 - Entered: 7
2024-07-16 18:08:10,395 - INFO - Overtime - matth - Overtime 7 20240111 - Entered: 7
2024-07-16 18:08:10,395 - INFO - Overtime - matth - Overtime 7 20240111 - Entered: 7
2024-07-16 18:08:10,818 - INFO - Overtime - matth - Overtime 7 20240112 - Entered: 7
2024-07-16 18:08:10,818 - INFO - Overtime - matth - Overtime 7 20240112 - Entered: 7
2024-07-16 18:08:10,818 - INFO - Overtime - matth - Overtime 7 20240112 - Entered: 7
2024-07-16 18:08:10,818 - INFO - Overtime - matth - Overtime 7 20240112 - Entered: 7
2024-07-16 18:08:11,201 - INFO - Overtime - matth - Overtime 7 20240113 - Entered: 7
2024-07-16 18:08:11,201 - INFO - Overtime - matth - Overtime 7 20240113 - Entered: 7
2024-07-16 18:08:11,201 - INFO - Overtime - matth - Overtime 7 20240113 - Entered: 7
2024-07-16 18:08:11,201 - INFO - Overtime - matth - Overtime 7 20240113 - Entered: 7
2024-07-16 18:08:14,822 - INFO - Overtime - matth - Overtime 8 20240101 - Entered: 8
2024-07-16 18:08:14,822 - INFO - Overtime - matth - Overtime 8 20240101 - Entered: 8
2024-07-16 18:08:14,822 - INFO - Overtime - matth - Overtime 8 20240101 - Entered: 8
2024-07-16 18:08:14,822 - INFO - Overtime - matth - Overtime 8 20240101 - Entered: 8
2024-07-16 18:08:15,475 - INFO - Overtime - matth - Overtime 8 20240102 - Entered: 8
2024-07-16 18:08:15,475 - INFO - Overtime - matth - Overtime 8 20240102 - Entered: 8
2024-07-16 18:08:15,475 - INFO - Overtime - matth - Overtime 8 20240102 - Entered: 8
2024-07-16 18:08:15,475 - INFO - Overtime - matth - Overtime 8 20240102 - Entered: 8
2024-07-16 18:08:15,817 - INFO - Overtime - matth - Overtime 8 20240103 - Entered: 8
2024-07-16 18:08:15,817 - INFO - Overtime - matth - Overtime 8 20240103 - Entered: 8
2024-07-16 18:08:15,817 - INFO - Overtime - matth - Overtime 8 20240103 - Entered: 8
2024-07-16 18:08:15,817 - INFO - Overtime - matth - Overtime 8 20240103 - Entered: 8
2024-07-16 18:08:17,362 - INFO - Overtime - matth - Overtime 9 20240102 - Entered: 9
2024-07-16 18:08:17,362 - INFO - Overtime - matth - Overtime 9 20240102 - Entered: 9
2024-07-16 18:08:17,362 - INFO - Overtime - matth - Overtime 9 20240102 - Entered: 9
2024-07-16 18:08:17,362 - INFO - Overtime - matth - Overtime 9 20240102 - Entered: 9
2024-07-16 18:08:18,288 - INFO - Overtime - matth - Overtime 9 20240103 - Entered: 9
2024-07-16 18:08:18,288 - INFO - Overtime - matth - Overtime 9 20240103 - Entered: 9
2024-07-16 18:08:18,288 - INFO - Overtime - matth - Overtime 9 20240103 - Entered: 9
2024-07-16 18:08:18,288 - INFO - Overtime - matth - Overtime 9 20240103 - Entered: 9
2024-07-16 18:08:18,632 - INFO - Overtime - matth - Overtime 9 20240104 - Entered: 9
2024-07-16 18:08:18,632 - INFO - Overtime - matth - Overtime 9 20240104 - Entered: 9
2024-07-16 18:08:18,632 - INFO - Overtime - matth - Overtime 9 20240104 - Entered: 9
2024-07-16 18:08:18,632 - INFO - Overtime - matth - Overtime 9 20240104 - Entered: 9
2024-07-16 18:08:19,018 - INFO - Overtime - matth - Overtime 9 20240105 - Entered: 9
2024-07-16 18:08:19,018 - INFO - Overtime - matth - Overtime 9 20240105 - Entered: 9
2024-07-16 18:08:19,018 - INFO - Overtime - matth - Overtime 9 20240105 - Entered: 9
2024-07-16 18:08:19,018 - INFO - Overtime - matth - Overtime 9 20240105 - Entered: 9
2024-07-16 18:08:20,873 - INFO - Overtime - matth - Overtime 10 20240103 - Entered: 2
2024-07-16 18:08:20,873 - INFO - Overtime - matth - Overtime 10 20240103 - Entered: 2
2024-07-16 18:08:20,873 - INFO - Overtime - matth - Overtime 10 20240103 - Entered: 2
2024-07-16 18:08:20,873 - INFO - Overtime - matth - Overtime 10 20240103 - Entered: 2
2024-07-16 18:08:21,786 - INFO - Overtime - matth - Overtime 10 20240104 - Entered: 2
2024-07-16 18:08:21,786 - INFO - Overtime - matth - Overtime 10 20240104 - Entered: 2
2024-07-16 18:08:21,786 - INFO - Overtime - matth - Overtime 10 20240104 - Entered: 2
2024-07-16 18:08:21,786 - INFO - Overtime - matth - Overtime 10 20240104 - Entered: 2
2024-07-16 18:08:22,161 - INFO - Overtime - matth - Overtime 10 20240105 - Entered: 2
2024-07-16 18:08:22,161 - INFO - Overtime - matth - Overtime 10 20240105 - Entered: 2
2024-07-16 18:08:22,161 - INFO - Overtime - matth - Overtime 10 20240105 - Entered: 2
2024-07-16 18:08:22,161 - INFO - Overtime - matth - Overtime 10 20240105 - Entered: 2
2024-07-16 18:08:22,601 - INFO - Overtime - matth - Overtime 10 20240106 - Entered: 2
2024-07-16 18:08:22,601 - INFO - Overtime - matth - Overtime 10 20240106 - Entered: 2
2024-07-16 18:08:22,601 - INFO - Overtime - matth - Overtime 10 20240106 - Entered: 2
2024-07-16 18:08:22,601 - INFO - Overtime - matth - Overtime 10 20240106 - Entered: 2
2024-07-16 18:41:38,030 - INFO - Overtime - matth - Overtime 1 20240101 - Entered: 1
2024-07-16 18:41:38,651 - INFO - Overtime - matth - Overtime 1 20240102 - Entered: 
2024-07-16 18:41:39,261 - INFO - Overtime - matth - Overtime 1 20240102 - Entered: 2
2024-07-16 18:41:39,751 - INFO - Overtime - matth - Overtime 1 20240102 - Entered: 2
2024-07-16 18:41:40,731 - INFO - Overtime - matth - Overtime 1 20240102 - Entered: 23
2024-07-16 18:41:41,766 - INFO - Overtime - matth - Overtime 1 20240102 - Entered: 2
2024-07-16 18:41:42,006 - INFO - Overtime - matth - Overtime 1 20240102 - Entered: 
2024-07-16 18:41:42,775 - INFO - Overtime - matth - Overtime 1 20240102 - Entered: 1
2024-07-16 18:41:45,013 - INFO - Overtime - matth - Overtime 2 20240103 - Entered: 1
2024-07-16 18:41:45,482 - INFO - Overtime - matth - Overtime 2 20240104 - Entered: 1
2024-07-16 18:41:46,707 - INFO - Overtime - matth - Overtime 3 20240101 - Entered: 1
2024-07-16 18:41:47,203 - INFO - Overtime - matth - Overtime 3 20240102 - Entered: 1
2024-07-16 18:41:48,331 - INFO - Overtime - matth - Overtime 4 20240105 - Entered: 1
2024-07-16 18:41:48,715 - INFO - Overtime - matth - Overtime 4 20240106 - Entered: 1
2024-07-16 18:41:50,965 - INFO - Overtime - matth - Overtime 3 20240101 - Entered: 2
2024-07-16 18:41:51,796 - INFO - Overtime - matth - Overtime 3 20240102 - Entered: 2
2024-07-16 18:41:53,748 - INFO - Overtime - matth - Overtime 4 20240105 - Entered: 2
2024-07-16 18:41:54,300 - INFO - Overtime - matth - Overtime 4 20240106 - Entered: 2
2024-07-17 08:42:03,100 - INFO - Work Schedule - matth - Op 1 20240102 - Entered: F
2024-07-17 08:42:03,274 - INFO - Work Schedule - matth - Op 1 20240102 - Entered: FC
2024-07-17 08:49:52,116 - INFO - Overtime - matth - Overtime 1 20240101 - Entered: 1
2024-07-17 08:49:52,273 - INFO - Overtime - matth - Overtime 1 20240101 - Entered: 1/
2024-07-17 08:49:52,373 - INFO - Overtime - matth - Overtime 1 20240101 - Entered: 1/3
2024-07-17 08:49:55,655 - INFO - Overtime - matth - Overtime 1 20240102 - Entered: 1
2024-07-17 08:49:55,827 - INFO - Overtime - matth - Overtime 1 20240102 - Entered: 1/
2024-07-17 08:49:56,011 - INFO - Overtime - matth - Overtime 1 20240102 - Entered: 1/3
2024-07-17 08:50:00,223 - INFO - Work Schedule - matth - Op 1 20240101 - Entered: ER
2024-07-17 08:50:00,342 - INFO - Work Schedule - matth - Op 1 20240101 - Entered: ERT
2024-07-17 08:50:00,395 - INFO - Work Schedule - matth - Op 1 20240101 - Entered: ERT
2024-07-17 08:50:01,408 - INFO - Work Schedule - matth - Op 1 20240102 - Entered: ER
2024-07-17 08:50:01,488 - INFO - Work Schedule - matth - Op 1 20240102 - Entered: ERT
2024-07-17 08:50:01,521 - INFO - Work Schedule - matth - Op 1 20240102 - Entered: ERT
2024-07-17 08:50:01,863 - INFO - Work Schedule - matth - Op 1 20240103 - Entered: ER
2024-07-17 08:50:01,935 - INFO - Work Schedule - matth - Op 1 20240103 - Entered: ERT
2024-07-17 08:50:01,991 - INFO - Work Schedule - matth - Op 1 20240103 - Entered: ERT
2024-07-17 08:50:02,816 - INFO - Work Schedule - matth - Op 1 20240104 - Entered: ER
2024-07-17 08:50:02,854 - INFO - Work Schedule - matth - Op 1 20240104 - Entered: ERT
2024-07-17 08:50:02,896 - INFO - Work Schedule - matth - Op 1 20240104 - Entered: ERT
2024-07-17 08:50:06,380 - INFO - Work Schedule - matth - Op 1 20240105 - Entered: 1
2024-07-17 08:50:06,751 - INFO - Work Schedule - matth - Op 1 20240106 - Entered: 1
2024-07-17 08:50:07,369 - INFO - Work Schedule - matth - Op 1 20240107 - Entered: 1
2024-07-17 08:50:07,823 - INFO - Work Schedule - matth - Op 1 20240108 - Entered: 1
2024-07-17 08:50:08,503 - INFO - Work Schedule - matth - Op 1 20240109 - Entered: 1
2024-07-17 08:50:09,103 - INFO - Work Schedule - matth - Op 1 20240110 - Entered: 1
2024-07-17 09:05:18,487 - INFO - Work Schedule - matth - Op 5 20240101 - Entered: F
2024-07-17 09:05:18,693 - INFO - Work Schedule - matth - Op 5 20240101 - Entered: FC
2024-07-17 09:05:19,891 - INFO - Work Schedule - matth - Op 5 20240103 - Entered: F
2024-07-17 09:05:20,124 - INFO - Work Schedule - matth - Op 5 20240103 - Entered: FC
2024-07-17 09:05:23,588 - INFO - Work Schedule - matth - Op 4 20240101 - Entered: ER
2024-07-17 09:05:23,692 - INFO - Work Schedule - matth - Op 4 20240101 - Entered: ERT
2024-07-17 09:05:23,764 - INFO - Work Schedule - matth - Op 4 20240101 - Entered: ERT
2024-07-17 09:05:24,701 - INFO - Work Schedule - matth - Op 4 20240102 - Entered: ER
2024-07-17 09:05:24,781 - INFO - Work Schedule - matth - Op 4 20240102 - Entered: ERT
2024-07-17 09:05:24,828 - INFO - Work Schedule - matth - Op 4 20240102 - Entered: ERT
2024-07-17 09:05:25,428 - INFO - Work Schedule - matth - Op 4 20240103 - Entered: ER
2024-07-17 09:05:25,484 - INFO - Work Schedule - matth - Op 4 20240103 - Entered: ERT
2024-07-17 09:05:25,540 - INFO - Work Schedule - matth - Op 4 20240103 - Entered: ERT
2024-07-17 09:22:57,944 - INFO - Work Schedule - matth - Op 3 20240105 - Entered: 1
2024-07-17 09:22:58,311 - INFO - Work Schedule - matth - Op 3 20240106 - Entered: 1
2024-07-17 09:22:58,783 - INFO - Work Schedule - matth - Op 3 20240107 - Entered: 1
2024-07-17 09:22:59,383 - INFO - Work Schedule - matth - Op 3 20240108 - Entered: 1
2024-07-17 09:23:00,528 - INFO - Work Schedule - matth - Op 2 20240105 - Entered: 1
2024-07-17 09:23:00,968 - INFO - Work Schedule - matth - Op 2 20240106 - Entered: 1
2024-07-17 09:23:01,424 - INFO - Work Schedule - matth - Op 2 20240107 - Entered: 1
2024-07-17 09:23:01,855 - INFO - Work Schedule - matth - Op 2 20240108 - Entered: 1
2024-07-17 09:23:28,223 - INFO - Work Schedule - matth - Op 3 20240115 - Entered: 5
2024-07-17 09:23:29,015 - INFO - Work Schedule - matth - Op 3 20240116 - Entered: 5
2024-07-17 09:23:29,432 - INFO - Work Schedule - matth - Op 3 20240117 - Entered: 5
2024-07-17 09:23:29,880 - INFO - Work Schedule - matth - Op 3 20240118 - Entered: 5
