2024-07-15 21:30:17,913 - INFO - Overtime - matth - Overtime 1 20240201 - Entered: 1
2024-07-15 21:30:18,332 - INFO - Overtime - matth - Overtime 1 20240202 - Entered: 1
2024-07-15 21:30:18,924 - INFO - Overtime - matth - Overtime 2 20240202 - Entered: 1
2024-07-15 21:30:19,596 - INFO - Overtime - matth - Overtime 3 20240202 - Entered: 1
2024-07-15 21:30:20,373 - INFO - Overtime - matth - Overtime 3 20240203 - Entered: 1
2024-07-15 21:32:20,014 - INFO - Work Schedule - matth - Test One 20240201 - Entered: F
2024-07-15 21:32:20,230 - INFO - Work Schedule - matth - Test One 20240201 - Entered: FC
2024-07-15 21:32:21,350 - INFO - Work Schedule - matth - Test One 20240202 - Entered: F
2024-07-15 21:32:21,581 - INFO - Work Schedule - matth - Test One 20240202 - Entered: FC
2024-07-15 21:32:22,078 - INFO - Work Schedule - matth - Test One 20240203 - Entered: F
2024-07-15 21:32:22,260 - INFO - Work Schedule - matth - Test One 20240203 - Entered: FC
2024-07-15 21:32:24,046 - INFO - Work Schedule - matth - Test Three 20240201 - Entered: WE
2024-07-15 21:32:24,173 - INFO - Work Schedule - matth - Test Three 20240201 - Entered: WER
2024-07-15 21:32:24,213 - INFO - Work Schedule - matth - Test Three 20240201 - Entered: WER
2024-07-15 21:32:25,592 - INFO - Work Schedule - matth - Test Three 20240201 - Entered: WE
2024-07-15 21:32:25,808 - INFO - Work Schedule - matth - Test Three 20240201 - Entered: W
2024-07-15 21:32:26,082 - INFO - Work Schedule - matth - Test Three 20240201 - Entered: 
2024-07-15 21:32:26,998 - INFO - Work Schedule - matth - Test Three 20240201 - Entered: ER
2024-07-15 21:32:27,046 - INFO - Work Schedule - matth - Test Three 20240201 - Entered: ERT
2024-07-15 21:32:27,085 - INFO - Work Schedule - matth - Test Three 20240201 - Entered: ERT
2024-07-15 21:32:27,654 - INFO - Work Schedule - matth - Test Three 20240202 - Entered: ER
2024-07-15 21:32:27,677 - INFO - Work Schedule - matth - Test Three 20240202 - Entered: ERT
2024-07-15 21:32:27,736 - INFO - Work Schedule - matth - Test Three 20240202 - Entered: ERT
2024-07-15 21:32:28,265 - INFO - Work Schedule - matth - Test Three 20240203 - Entered: ER
2024-07-15 21:32:28,293 - INFO - Work Schedule - matth - Test Three 20240203 - Entered: ERT
2024-07-15 21:32:28,339 - INFO - Work Schedule - matth - Test Three 20240203 - Entered: ERT
2024-07-16 13:44:59,841 - INFO - Work Schedule - matth - Test One 20240208 - Entered: ER
2024-07-16 13:44:59,945 - INFO - Work Schedule - matth - Test One 20240208 - Entered: ERT
2024-07-16 13:45:00,000 - INFO - Work Schedule - matth - Test One 20240208 - Entered: ERT
2024-07-16 13:45:00,865 - INFO - Work Schedule - matth - Test One 20240209 - Entered: ER
2024-07-16 13:45:00,920 - INFO - Work Schedule - matth - Test One 20240209 - Entered: ERT
2024-07-16 13:45:00,943 - INFO - Work Schedule - matth - Test One 20240209 - Entered: ERT
2024-07-16 13:45:01,385 - INFO - Work Schedule - matth - Test One 20240210 - Entered: ER
2024-07-16 13:45:01,424 - INFO - Work Schedule - matth - Test One 20240210 - Entered: ERT
2024-07-16 13:45:01,455 - INFO - Work Schedule - matth - Test One 20240210 - Entered: ERT
2024-07-16 13:45:01,849 - INFO - Work Schedule - matth - Test One 20240211 - Entered: ER
2024-07-16 13:45:01,887 - INFO - Work Schedule - matth - Test One 20240211 - Entered: ERT
2024-07-16 13:45:01,927 - INFO - Work Schedule - matth - Test One 20240211 - Entered: ERT
2024-07-16 19:01:11,925 - INFO - Overtime - matth - Overtime 1 20240201 - Entered: 1
2024-07-16 19:01:12,316 - INFO - Overtime - matth - Overtime 1 20240201 - Entered: 11
2024-07-16 19:01:13,557 - INFO - Overtime - matth - Overtime 1 20240202 - Entered: 1
2024-07-16 19:01:13,718 - INFO - Overtime - matth - Overtime 1 20240202 - Entered: 11
2024-07-16 19:01:15,077 - INFO - Overtime - matth - Overtime 2 20240202 - Entered: 2
2024-07-16 19:01:15,236 - INFO - Overtime - matth - Overtime 2 20240202 - Entered: 22
2024-07-16 19:01:15,701 - INFO - Overtime - matth - Overtime 2 20240203 - Entered: 2
2024-07-16 19:01:15,876 - INFO - Overtime - matth - Overtime 2 20240203 - Entered: 22
2024-07-16 19:01:17,333 - INFO - Overtime - matth - Overtime 3 20240203 - Entered: 3
2024-07-16 19:01:17,500 - INFO - Overtime - matth - Overtime 3 20240203 - Entered: 33
2024-07-16 19:01:17,949 - INFO - Overtime - matth - Overtime 3 20240204 - Entered: 3
2024-07-16 19:01:18,124 - INFO - Overtime - matth - Overtime 3 20240204 - Entered: 33
2024-07-16 19:01:35,313 - INFO - Overtime - matth - Overtime 4 20240204 - Entered: 4
2024-07-16 19:01:35,313 - INFO - Overtime - matth - Overtime 4 20240204 - Entered: 4
2024-07-16 19:01:36,940 - INFO - Overtime - matth - Overtime 4 20240205 - Entered: 4
2024-07-16 19:01:36,940 - INFO - Overtime - matth - Overtime 4 20240205 - Entered: 4
2024-07-16 19:01:38,611 - INFO - Overtime - matth - Overtime 5 20240205 - Entered: 5
2024-07-16 19:01:38,611 - INFO - Overtime - matth - Overtime 5 20240205 - Entered: 5
2024-07-16 19:01:39,116 - INFO - Overtime - matth - Overtime 5 20240206 - Entered: 5
2024-07-16 19:01:39,116 - INFO - Overtime - matth - Overtime 5 20240206 - Entered: 5
