2024-06-09 00:44:35,186 - INFO - Overtime - matth - w_Patrick Blackwell 20240105 - Entered: 12
2024-06-09 00:44:36,807 - INFO - Overtime - matth - a_Patrick Blackwell 20240106 - Entered: 
2024-06-09 00:44:46,548 - INFO - Overtime - matth - a_Patrick Blackwell 20240106 - Entered: 
2024-06-09 00:44:48,908 - INFO - Overtime - matth - w_Matthew Dunaway 20240106 - Entered: 12
2024-06-09 00:44:51,877 - INFO - Overtime - matth - w_Matthew Dunaway 20240107 - Entered: 12
2024-06-09 00:50:46,242 - INFO - Work Schedule - matth - Chad Boike 20240107 - Entered: R
2024-06-09 00:50:50,213 - INFO - Work Schedule - matth - Ryan Richard 20240104 - Entered: F
2024-06-09 00:50:50,426 - INFO - Work Schedule - matth - Ryan Richard 20240104 - Entered: FT
2024-06-09 00:50:50,666 - INFO - Work Schedule - matth - Ryan Richard 20240104 - Entered: FTF
2024-06-09 00:50:51,941 - INFO - Work Schedule - matth - Ryan Richard 20240105 - Entered: F
2024-06-09 00:50:52,130 - INFO - Work Schedule - matth - Ryan Richard 20240105 - Entered: FT
2024-06-09 00:50:52,409 - INFO - Work Schedule - matth - Ryan Richard 20240105 - Entered: FTF
2024-06-09 00:58:49,713 - INFO - Overtime - matth - w_Jason Watts 20240104 - Entered: 12
2024-06-09 00:58:51,900 - INFO - Overtime - matth - w_Jason Watts 20240105 - Entered: 12
2024-06-09 04:28:08,106 - INFO - Overtime - matth - w_Ryan Richard 20240101 - Entered: 100
2024-06-09 04:28:10,850 - INFO - Overtime - matth - a_Ryan Richard 20240102 - Entered: 
2024-06-09 04:29:48,181 - INFO - Overtime - matth - a_Ryan Richard 20240102 - Entered: 
2024-06-09 04:29:50,829 - INFO - Overtime - matth - a_Ryan Richard 20240102 - Entered: 
2024-06-13 19:19:07,487 - INFO - Overtime - test_username1 - a_Jason Watts 20240103 - Entered: 
2024-06-13 19:19:08,146 - INFO - Overtime - test_username1 - a_Jason Watts 20240101 - Entered: 
2024-06-13 19:19:08,632 - INFO - Overtime - test_username1 - a_Jason Watts 20240103 - Entered: 
